<?xml version="1.0" encoding="UTF-8"?>
<testsuite xmlns:xsi="http://www.w3.org/2001/XMLSchema-instance" xsi:noNamespaceSchemaLocation="https://maven.apache.org/surefire/maven-surefire-plugin/xsd/surefire-test-report.xsd" name="com.afb.intern.savtont.NotificationsManagementApplicationTests" time="21.996" tests="1" errors="0" skipped="0" failures="0">
  <properties>
    <property name="java.specification.version" value="19"/>
    <property name="sun.cpu.isalist" value="amd64"/>
    <property name="sun.jnu.encoding" value="Cp1252"/>
    <property name="java.class.path" value="D:\aslikeproject\tontine\notification_management\target\test-classes;D:\aslikeproject\tontine\notification_management\target\classes;C:\Users\STRIX\.m2\repository\org\springframework\boot\spring-boot-starter-test\2.7.17\spring-boot-starter-test-2.7.17.jar;C:\Users\STRIX\.m2\repository\org\springframework\boot\spring-boot-starter\2.7.17\spring-boot-starter-2.7.17.jar;C:\Users\STRIX\.m2\repository\org\springframework\boot\spring-boot\2.7.17\spring-boot-2.7.17.jar;C:\Users\STRIX\.m2\repository\org\springframework\boot\spring-boot-autoconfigure\2.7.17\spring-boot-autoconfigure-2.7.17.jar;C:\Users\STRIX\.m2\repository\org\springframework\boot\spring-boot-starter-logging\2.7.17\spring-boot-starter-logging-2.7.17.jar;C:\Users\STRIX\.m2\repository\ch\qos\logback\logback-classic\1.2.12\logback-classic-1.2.12.jar;C:\Users\STRIX\.m2\repository\ch\qos\logback\logback-core\1.2.12\logback-core-1.2.12.jar;C:\Users\STRIX\.m2\repository\org\apache\logging\log4j\log4j-to-slf4j\2.17.2\log4j-to-slf4j-2.17.2.jar;C:\Users\STRIX\.m2\repository\org\apache\logging\log4j\log4j-api\2.17.2\log4j-api-2.17.2.jar;C:\Users\STRIX\.m2\repository\org\slf4j\jul-to-slf4j\1.7.36\jul-to-slf4j-1.7.36.jar;C:\Users\STRIX\.m2\repository\jakarta\annotation\jakarta.annotation-api\1.3.5\jakarta.annotation-api-1.3.5.jar;C:\Users\STRIX\.m2\repository\org\yaml\snakeyaml\1.30\snakeyaml-1.30.jar;C:\Users\STRIX\.m2\repository\org\springframework\boot\spring-boot-test\2.7.17\spring-boot-test-2.7.17.jar;C:\Users\STRIX\.m2\repository\org\springframework\boot\spring-boot-test-autoconfigure\2.7.17\spring-boot-test-autoconfigure-2.7.17.jar;C:\Users\STRIX\.m2\repository\com\jayway\jsonpath\json-path\2.7.0\json-path-2.7.0.jar;C:\Users\STRIX\.m2\repository\net\minidev\json-smart\2.4.11\json-smart-2.4.11.jar;C:\Users\STRIX\.m2\repository\net\minidev\accessors-smart\2.4.11\accessors-smart-2.4.11.jar;C:\Users\STRIX\.m2\repository\org\ow2\asm\asm\9.3\asm-9.3.jar;C:\Users\STRIX\.m2\repository\jakarta\xml\bind\jakarta.xml.bind-api\2.3.3\jakarta.xml.bind-api-2.3.3.jar;C:\Users\STRIX\.m2\repository\jakarta\activation\jakarta.activation-api\1.2.2\jakarta.activation-api-1.2.2.jar;C:\Users\STRIX\.m2\repository\org\assertj\assertj-core\3.22.0\assertj-core-3.22.0.jar;C:\Users\STRIX\.m2\repository\org\hamcrest\hamcrest\2.2\hamcrest-2.2.jar;C:\Users\STRIX\.m2\repository\org\junit\jupiter\junit-jupiter\5.8.2\junit-jupiter-5.8.2.jar;C:\Users\STRIX\.m2\repository\org\junit\jupiter\junit-jupiter-api\5.8.2\junit-jupiter-api-5.8.2.jar;C:\Users\STRIX\.m2\repository\org\opentest4j\opentest4j\1.2.0\opentest4j-1.2.0.jar;C:\Users\STRIX\.m2\repository\org\junit\platform\junit-platform-commons\1.8.2\junit-platform-commons-1.8.2.jar;C:\Users\STRIX\.m2\repository\org\apiguardian\apiguardian-api\1.1.2\apiguardian-api-1.1.2.jar;C:\Users\STRIX\.m2\repository\org\junit\jupiter\junit-jupiter-params\5.8.2\junit-jupiter-params-5.8.2.jar;C:\Users\STRIX\.m2\repository\org\junit\jupiter\junit-jupiter-engine\5.8.2\junit-jupiter-engine-5.8.2.jar;C:\Users\STRIX\.m2\repository\org\junit\platform\junit-platform-engine\1.8.2\junit-platform-engine-1.8.2.jar;C:\Users\STRIX\.m2\repository\org\mockito\mockito-core\4.5.1\mockito-core-4.5.1.jar;C:\Users\STRIX\.m2\repository\net\bytebuddy\byte-buddy\1.12.23\byte-buddy-1.12.23.jar;C:\Users\STRIX\.m2\repository\net\bytebuddy\byte-buddy-agent\1.12.23\byte-buddy-agent-1.12.23.jar;C:\Users\STRIX\.m2\repository\org\objenesis\objenesis\3.2\objenesis-3.2.jar;C:\Users\STRIX\.m2\repository\org\mockito\mockito-junit-jupiter\4.5.1\mockito-junit-jupiter-4.5.1.jar;C:\Users\STRIX\.m2\repository\org\skyscreamer\jsonassert\1.5.1\jsonassert-1.5.1.jar;C:\Users\STRIX\.m2\repository\com\vaadin\external\google\android-json\0.0.20131108.vaadin1\android-json-0.0.20131108.vaadin1.jar;C:\Users\STRIX\.m2\repository\org\springframework\spring-core\5.3.30\spring-core-5.3.30.jar;C:\Users\STRIX\.m2\repository\org\springframework\spring-jcl\5.3.30\spring-jcl-5.3.30.jar;C:\Users\STRIX\.m2\repository\org\springframework\spring-test\5.3.30\spring-test-5.3.30.jar;C:\Users\STRIX\.m2\repository\org\xmlunit\xmlunit-core\2.9.1\xmlunit-core-2.9.1.jar;C:\Users\STRIX\.m2\repository\org\springframework\boot\spring-boot-starter-web\2.7.17\spring-boot-starter-web-2.7.17.jar;C:\Users\STRIX\.m2\repository\org\springframework\boot\spring-boot-starter-json\2.7.17\spring-boot-starter-json-2.7.17.jar;C:\Users\STRIX\.m2\repository\com\fasterxml\jackson\datatype\jackson-datatype-jdk8\2.13.5\jackson-datatype-jdk8-2.13.5.jar;C:\Users\STRIX\.m2\repository\com\fasterxml\jackson\module\jackson-module-parameter-names\2.13.5\jackson-module-parameter-names-2.13.5.jar;C:\Users\STRIX\.m2\repository\org\springframework\boot\spring-boot-starter-tomcat\2.7.17\spring-boot-starter-tomcat-2.7.17.jar;C:\Users\STRIX\.m2\repository\org\apache\tomcat\embed\tomcat-embed-core\9.0.82\tomcat-embed-core-9.0.82.jar;C:\Users\STRIX\.m2\repository\org\apache\tomcat\embed\tomcat-embed-el\9.0.82\tomcat-embed-el-9.0.82.jar;C:\Users\STRIX\.m2\repository\org\apache\tomcat\embed\tomcat-embed-websocket\9.0.82\tomcat-embed-websocket-9.0.82.jar;C:\Users\STRIX\.m2\repository\org\springframework\spring-web\5.3.30\spring-web-5.3.30.jar;C:\Users\STRIX\.m2\repository\org\springframework\spring-webmvc\5.3.30\spring-webmvc-5.3.30.jar;C:\Users\STRIX\.m2\repository\org\springframework\spring-aop\5.3.30\spring-aop-5.3.30.jar;C:\Users\STRIX\.m2\repository\org\springframework\spring-expression\5.3.30\spring-expression-5.3.30.jar;C:\Users\STRIX\.m2\repository\org\springframework\cloud\spring-cloud-starter-netflix-eureka-server\3.1.7\spring-cloud-starter-netflix-eureka-server-3.1.7.jar;C:\Users\STRIX\.m2\repository\org\springframework\cloud\spring-cloud-starter\3.1.7\spring-cloud-starter-3.1.7.jar;C:\Users\STRIX\.m2\repository\org\springframework\cloud\spring-cloud-context\3.1.7\spring-cloud-context-3.1.7.jar;C:\Users\STRIX\.m2\repository\org\springframework\security\spring-security-crypto\5.7.11\spring-security-crypto-5.7.11.jar;C:\Users\STRIX\.m2\repository\org\springframework\cloud\spring-cloud-commons\3.1.7\spring-cloud-commons-3.1.7.jar;C:\Users\STRIX\.m2\repository\org\springframework\security\spring-security-rsa\1.0.11.RELEASE\spring-security-rsa-1.0.11.RELEASE.jar;C:\Users\STRIX\.m2\repository\org\springframework\cloud\spring-cloud-netflix-eureka-server\3.1.7\spring-cloud-netflix-eureka-server-3.1.7.jar;C:\Users\STRIX\.m2\repository\org\springframework\boot\spring-boot-starter-actuator\2.7.17\spring-boot-starter-actuator-2.7.17.jar;C:\Users\STRIX\.m2\repository\org\springframework\boot\spring-boot-actuator-autoconfigure\2.7.17\spring-boot-actuator-autoconfigure-2.7.17.jar;C:\Users\STRIX\.m2\repository\org\springframework\boot\spring-boot-actuator\2.7.17\spring-boot-actuator-2.7.17.jar;C:\Users\STRIX\.m2\repository\io\micrometer\micrometer-core\1.9.16\micrometer-core-1.9.16.jar;C:\Users\STRIX\.m2\repository\org\hdrhistogram\HdrHistogram\2.1.12\HdrHistogram-2.1.12.jar;C:\Users\STRIX\.m2\repository\org\latencyutils\LatencyUtils\2.0.3\LatencyUtils-2.0.3.jar;C:\Users\STRIX\.m2\repository\org\springframework\boot\spring-boot-starter-freemarker\2.7.17\spring-boot-starter-freemarker-2.7.17.jar;C:\Users\STRIX\.m2\repository\org\freemarker\freemarker\2.3.32\freemarker-2.3.32.jar;C:\Users\STRIX\.m2\repository\org\springframework\cloud\spring-cloud-netflix-eureka-client\3.1.7\spring-cloud-netflix-eureka-client-3.1.7.jar;C:\Users\STRIX\.m2\repository\com\netflix\eureka\eureka-client\1.10.17\eureka-client-1.10.17.jar;C:\Users\STRIX\.m2\repository\com\netflix\netflix-commons\netflix-eventbus\0.3.0\netflix-eventbus-0.3.0.jar;C:\Users\STRIX\.m2\repository\com\netflix\netflix-commons\netflix-infix\0.3.0\netflix-infix-0.3.0.jar;C:\Users\STRIX\.m2\repository\commons-jxpath\commons-jxpath\1.3\commons-jxpath-1.3.jar;C:\Users\STRIX\.m2\repository\joda-time\joda-time\2.3\joda-time-2.3.jar;C:\Users\STRIX\.m2\repository\org\antlr\antlr-runtime\3.4\antlr-runtime-3.4.jar;C:\Users\STRIX\.m2\repository\org\antlr\stringtemplate\3.2.1\stringtemplate-3.2.1.jar;C:\Users\STRIX\.m2\repository\org\apache\commons\commons-math\2.2\commons-math-2.2.jar;C:\Users\STRIX\.m2\repository\com\thoughtworks\xstream\xstream\1.4.18\xstream-1.4.18.jar;C:\Users\STRIX\.m2\repository\io\github\x-stream\mxparser\1.2.2\mxparser-1.2.2.jar;C:\Users\STRIX\.m2\repository\xmlpull\xmlpull\1.1.3.1\xmlpull-1.1.3.1.jar;C:\Users\STRIX\.m2\repository\javax\ws\rs\jsr311-api\1.1.1\jsr311-api-1.1.1.jar;C:\Users\STRIX\.m2\repository\com\netflix\servo\servo-core\0.12.21\servo-core-0.12.21.jar;C:\Users\STRIX\.m2\repository\com\sun\jersey\jersey-core\1.19.1\jersey-core-1.19.1.jar;C:\Users\STRIX\.m2\repository\com\sun\jersey\contribs\jersey-apache-client4\1.19.1\jersey-apache-client4-1.19.1.jar;C:\Users\STRIX\.m2\repository\commons-configuration\commons-configuration\1.10\commons-configuration-1.10.jar;C:\Users\STRIX\.m2\repository\commons-lang\commons-lang\2.6\commons-lang-2.6.jar;C:\Users\STRIX\.m2\repository\com\google\inject\guice\4.1.0\guice-4.1.0.jar;C:\Users\STRIX\.m2\repository\org\codehaus\jettison\jettison\1.4.0\jettison-1.4.0.jar;C:\Users\STRIX\.m2\repository\com\sun\jersey\jersey-servlet\1.19.4\jersey-servlet-1.19.4.jar;C:\Users\STRIX\.m2\repository\com\sun\jersey\jersey-server\1.19.4\jersey-server-1.19.4.jar;C:\Users\STRIX\.m2\repository\com\sun\jersey\jersey-client\1.19.4\jersey-client-1.19.4.jar;C:\Users\STRIX\.m2\repository\com\netflix\eureka\eureka-core\1.10.17\eureka-core-1.10.17.jar;C:\Users\STRIX\.m2\repository\javax\inject\javax.inject\1\javax.inject-1.jar;C:\Users\STRIX\.m2\repository\org\springframework\cloud\spring-cloud-starter-loadbalancer\3.1.7\spring-cloud-starter-loadbalancer-3.1.7.jar;C:\Users\STRIX\.m2\repository\org\springframework\cloud\spring-cloud-loadbalancer\3.1.7\spring-cloud-loadbalancer-3.1.7.jar;C:\Users\STRIX\.m2\repository\io\projectreactor\reactor-core\3.4.33\reactor-core-3.4.33.jar;C:\Users\STRIX\.m2\repository\org\reactivestreams\reactive-streams\1.0.4\reactive-streams-1.0.4.jar;C:\Users\STRIX\.m2\repository\io\projectreactor\addons\reactor-extra\3.4.10\reactor-extra-3.4.10.jar;C:\Users\STRIX\.m2\repository\org\springframework\boot\spring-boot-starter-cache\2.7.17\spring-boot-starter-cache-2.7.17.jar;C:\Users\STRIX\.m2\repository\com\stoyanr\evictor\1.0.0\evictor-1.0.0.jar;C:\Users\STRIX\.m2\repository\org\glassfish\jaxb\jaxb-runtime\2.3.8\jaxb-runtime-2.3.8.jar;C:\Users\STRIX\.m2\repository\org\glassfish\jaxb\txw2\2.3.8\txw2-2.3.8.jar;C:\Users\STRIX\.m2\repository\com\sun\istack\istack-commons-runtime\3.0.12\istack-commons-runtime-3.0.12.jar;C:\Users\STRIX\.m2\repository\com\sun\activation\jakarta.activation\1.2.2\jakarta.activation-1.2.2.jar;C:\Users\STRIX\.m2\repository\org\mariadb\jdbc\mariadb-java-client\3.1.4\mariadb-java-client-3.1.4.jar;C:\Users\STRIX\.m2\repository\com\github\waffle\waffle-jna\3.2.0\waffle-jna-3.2.0.jar;C:\Users\STRIX\.m2\repository\net\java\dev\jna\jna\5.12.1\jna-5.12.1.jar;C:\Users\STRIX\.m2\repository\net\java\dev\jna\jna-platform\5.12.1\jna-platform-5.12.1.jar;C:\Users\STRIX\.m2\repository\org\slf4j\jcl-over-slf4j\1.7.36\jcl-over-slf4j-1.7.36.jar;C:\Users\STRIX\.m2\repository\com\github\ben-manes\caffeine\caffeine\2.9.3\caffeine-2.9.3.jar;C:\Users\STRIX\.m2\repository\org\checkerframework\checker-qual\3.23.0\checker-qual-3.23.0.jar;C:\Users\STRIX\.m2\repository\org\springframework\boot\spring-boot-starter-data-jpa\2.7.17\spring-boot-starter-data-jpa-2.7.17.jar;C:\Users\STRIX\.m2\repository\org\springframework\boot\spring-boot-starter-aop\2.7.17\spring-boot-starter-aop-2.7.17.jar;C:\Users\STRIX\.m2\repository\org\aspectj\aspectjweaver\1.9.7\aspectjweaver-1.9.7.jar;C:\Users\STRIX\.m2\repository\org\springframework\boot\spring-boot-starter-jdbc\2.7.17\spring-boot-starter-jdbc-2.7.17.jar;C:\Users\STRIX\.m2\repository\com\zaxxer\HikariCP\4.0.3\HikariCP-4.0.3.jar;C:\Users\STRIX\.m2\repository\org\springframework\spring-jdbc\5.3.30\spring-jdbc-5.3.30.jar;C:\Users\STRIX\.m2\repository\jakarta\transaction\jakarta.transaction-api\1.3.3\jakarta.transaction-api-1.3.3.jar;C:\Users\STRIX\.m2\repository\jakarta\persistence\jakarta.persistence-api\2.2.3\jakarta.persistence-api-2.2.3.jar;C:\Users\STRIX\.m2\repository\org\hibernate\hibernate-core\5.6.15.Final\hibernate-core-5.6.15.Final.jar;C:\Users\STRIX\.m2\repository\org\jboss\logging\jboss-logging\3.4.3.Final\jboss-logging-3.4.3.Final.jar;C:\Users\STRIX\.m2\repository\antlr\antlr\2.7.7\antlr-2.7.7.jar;C:\Users\STRIX\.m2\repository\org\jboss\jandex\2.4.2.Final\jandex-2.4.2.Final.jar;C:\Users\STRIX\.m2\repository\com\fasterxml\classmate\1.5.1\classmate-1.5.1.jar;C:\Users\STRIX\.m2\repository\org\hibernate\common\hibernate-commons-annotations\5.1.2.Final\hibernate-commons-annotations-5.1.2.Final.jar;C:\Users\STRIX\.m2\repository\org\springframework\data\spring-data-jpa\2.7.17\spring-data-jpa-2.7.17.jar;C:\Users\STRIX\.m2\repository\org\springframework\data\spring-data-commons\2.7.17\spring-data-commons-2.7.17.jar;C:\Users\STRIX\.m2\repository\org\springframework\spring-orm\5.3.30\spring-orm-5.3.30.jar;C:\Users\STRIX\.m2\repository\org\springframework\spring-tx\5.3.30\spring-tx-5.3.30.jar;C:\Users\STRIX\.m2\repository\org\springframework\spring-aspects\5.3.30\spring-aspects-5.3.30.jar;C:\Users\STRIX\.m2\repository\org\projectlombok\lombok\1.18.30\lombok-1.18.30.jar;C:\Users\STRIX\.m2\repository\org\springframework\boot\spring-boot-starter-mail\2.7.17\spring-boot-starter-mail-2.7.17.jar;C:\Users\STRIX\.m2\repository\org\springframework\spring-context-support\5.3.30\spring-context-support-5.3.30.jar;C:\Users\STRIX\.m2\repository\com\sun\mail\jakarta.mail\1.6.7\jakarta.mail-1.6.7.jar;C:\Users\STRIX\.m2\repository\javax\mail\javax.mail-api\1.6.2\javax.mail-api-1.6.2.jar;C:\Users\STRIX\.m2\repository\com\sun\mail\javax.mail\1.6.2\javax.mail-1.6.2.jar;C:\Users\STRIX\.m2\repository\javax\activation\activation\1.1\activation-1.1.jar;C:\Users\STRIX\.m2\repository\org\modelmapper\modelmapper\3.1.0\modelmapper-3.1.0.jar;C:\Users\STRIX\.m2\repository\com\google\firebase\firebase-admin\9.2.0\firebase-admin-9.2.0.jar;C:\Users\STRIX\.m2\repository\com\google\api-client\google-api-client\2.2.0\google-api-client-2.2.0.jar;C:\Users\STRIX\.m2\repository\com\google\oauth-client\google-oauth-client\1.34.1\google-oauth-client-1.34.1.jar;C:\Users\STRIX\.m2\repository\com\google\http-client\google-http-client-gson\1.42.3\google-http-client-gson-1.42.3.jar;C:\Users\STRIX\.m2\repository\com\google\http-client\google-http-client-apache-v2\1.42.3\google-http-client-apache-v2-1.42.3.jar;C:\Users\STRIX\.m2\repository\com\google\api-client\google-api-client-gson\2.2.0\google-api-client-gson-2.2.0.jar;C:\Users\STRIX\.m2\repository\com\google\http-client\google-http-client\1.43.1\google-http-client-1.43.1.jar;C:\Users\STRIX\.m2\repository\com\google\code\findbugs\jsr305\3.0.2\jsr305-3.0.2.jar;C:\Users\STRIX\.m2\repository\com\google\errorprone\error_prone_annotations\2.18.0\error_prone_annotations-2.18.0.jar;C:\Users\STRIX\.m2\repository\com\google\j2objc\j2objc-annotations\1.3\j2objc-annotations-1.3.jar;C:\Users\STRIX\.m2\repository\io\opencensus\opencensus-api\0.31.1\opencensus-api-0.31.1.jar;C:\Users\STRIX\.m2\repository\io\opencensus\opencensus-contrib-http-util\0.31.1\opencensus-contrib-http-util-0.31.1.jar;C:\Users\STRIX\.m2\repository\com\google\api\api-common\2.12.0\api-common-2.12.0.jar;C:\Users\STRIX\.m2\repository\com\google\auto\value\auto-value-annotations\1.10.1\auto-value-annotations-1.10.1.jar;C:\Users\STRIX\.m2\repository\javax\annotation\javax.annotation-api\1.3.2\javax.annotation-api-1.3.2.jar;C:\Users\STRIX\.m2\repository\com\google\auth\google-auth-library-oauth2-http\1.17.0\google-auth-library-oauth2-http-1.17.0.jar;C:\Users\STRIX\.m2\repository\com\google\auth\google-auth-library-credentials\1.17.0\google-auth-library-credentials-1.17.0.jar;C:\Users\STRIX\.m2\repository\com\google\cloud\google-cloud-storage\2.22.4\google-cloud-storage-2.22.4.jar;C:\Users\STRIX\.m2\repository\com\google\guava\failureaccess\1.0.1\failureaccess-1.0.1.jar;C:\Users\STRIX\.m2\repository\com\google\guava\listenablefuture\9999.0-empty-to-avoid-conflict-with-guava\listenablefuture-9999.0-empty-to-avoid-conflict-with-guava.jar;C:\Users\STRIX\.m2\repository\com\google\http-client\google-http-client-jackson2\1.43.1\google-http-client-jackson2-1.43.1.jar;C:\Users\STRIX\.m2\repository\com\google\apis\google-api-services-storage\v1-rev20230301-2.0.0\google-api-services-storage-v1-rev20230301-2.0.0.jar;C:\Users\STRIX\.m2\repository\com\google\code\gson\gson\2.9.1\gson-2.9.1.jar;C:\Users\STRIX\.m2\repository\com\google\cloud\google-cloud-core\2.19.0\google-cloud-core-2.19.0.jar;C:\Users\STRIX\.m2\repository\com\google\cloud\google-cloud-core-http\2.19.0\google-cloud-core-http-2.19.0.jar;C:\Users\STRIX\.m2\repository\com\google\http-client\google-http-client-appengine\1.43.1\google-http-client-appengine-1.43.1.jar;C:\Users\STRIX\.m2\repository\com\google\api\gax-httpjson\0.114.0\gax-httpjson-0.114.0.jar;C:\Users\STRIX\.m2\repository\com\google\cloud\google-cloud-core-grpc\2.19.0\google-cloud-core-grpc-2.19.0.jar;C:\Users\STRIX\.m2\repository\com\google\api\gax\2.29.0\gax-2.29.0.jar;C:\Users\STRIX\.m2\repository\com\google\api\gax-grpc\2.29.0\gax-grpc-2.29.0.jar;C:\Users\STRIX\.m2\repository\io\grpc\grpc-alts\1.55.1\grpc-alts-1.55.1.jar;C:\Users\STRIX\.m2\repository\io\grpc\grpc-grpclb\1.55.1\grpc-grpclb-1.55.1.jar;C:\Users\STRIX\.m2\repository\org\conscrypt\conscrypt-openjdk-uber\2.5.2\conscrypt-openjdk-uber-2.5.2.jar;C:\Users\STRIX\.m2\repository\io\grpc\grpc-auth\1.55.1\grpc-auth-1.55.1.jar;C:\Users\STRIX\.m2\repository\io\grpc\grpc-protobuf\1.55.1\grpc-protobuf-1.55.1.jar;C:\Users\STRIX\.m2\repository\io\grpc\grpc-protobuf-lite\1.55.1\grpc-protobuf-lite-1.55.1.jar;C:\Users\STRIX\.m2\repository\io\grpc\grpc-context\1.55.1\grpc-context-1.55.1.jar;C:\Users\STRIX\.m2\repository\com\google\api\grpc\proto-google-iam-v1\1.15.0\proto-google-iam-v1-1.15.0.jar;C:\Users\STRIX\.m2\repository\com\google\protobuf\protobuf-java-util\3.23.2\protobuf-java-util-3.23.2.jar;C:\Users\STRIX\.m2\repository\com\google\api\grpc\proto-google-common-protos\2.20.0\proto-google-common-protos-2.20.0.jar;C:\Users\STRIX\.m2\repository\org\threeten\threetenbp\1.6.8\threetenbp-1.6.8.jar;C:\Users\STRIX\.m2\repository\com\google\api\grpc\proto-google-cloud-storage-v2\2.22.4-alpha\proto-google-cloud-storage-v2-2.22.4-alpha.jar;C:\Users\STRIX\.m2\repository\com\google\api\grpc\grpc-google-cloud-storage-v2\2.22.4-alpha\grpc-google-cloud-storage-v2-2.22.4-alpha.jar;C:\Users\STRIX\.m2\repository\com\google\api\grpc\gapic-google-cloud-storage-v2\2.22.4-alpha\gapic-google-cloud-storage-v2-2.22.4-alpha.jar;C:\Users\STRIX\.m2\repository\io\grpc\grpc-api\1.55.1\grpc-api-1.55.1.jar;C:\Users\STRIX\.m2\repository\io\grpc\grpc-netty-shaded\1.55.1\grpc-netty-shaded-1.55.1.jar;C:\Users\STRIX\.m2\repository\io\perfmark\perfmark-api\0.26.0\perfmark-api-0.26.0.jar;C:\Users\STRIX\.m2\repository\io\grpc\grpc-core\1.55.1\grpc-core-1.55.1.jar;C:\Users\STRIX\.m2\repository\com\google\android\annotations\4.1.1.4\annotations-4.1.1.4.jar;C:\Users\STRIX\.m2\repository\org\codehaus\mojo\animal-sniffer-annotations\1.23\animal-sniffer-annotations-1.23.jar;C:\Users\STRIX\.m2\repository\io\grpc\grpc-stub\1.55.1\grpc-stub-1.55.1.jar;C:\Users\STRIX\.m2\repository\io\grpc\grpc-googleapis\1.55.1\grpc-googleapis-1.55.1.jar;C:\Users\STRIX\.m2\repository\io\grpc\grpc-xds\1.55.1\grpc-xds-1.55.1.jar;C:\Users\STRIX\.m2\repository\io\opencensus\opencensus-proto\0.2.0\opencensus-proto-0.2.0.jar;C:\Users\STRIX\.m2\repository\io\grpc\grpc-services\1.55.1\grpc-services-1.55.1.jar;C:\Users\STRIX\.m2\repository\com\google\re2j\re2j\1.6\re2j-1.6.jar;C:\Users\STRIX\.m2\repository\io\grpc\grpc-rls\1.55.1\grpc-rls-1.55.1.jar;C:\Users\STRIX\.m2\repository\com\google\cloud\google-cloud-firestore\3.13.0\google-cloud-firestore-3.13.0.jar;C:\Users\STRIX\.m2\repository\commons-logging\commons-logging\1.2\commons-logging-1.2.jar;C:\Users\STRIX\.m2\repository\com\google\api\grpc\proto-google-cloud-firestore-v1\3.13.0\proto-google-cloud-firestore-v1-3.13.0.jar;C:\Users\STRIX\.m2\repository\com\google\cloud\proto-google-cloud-firestore-bundle-v1\3.13.0\proto-google-cloud-firestore-bundle-v1-3.13.0.jar;C:\Users\STRIX\.m2\repository\io\opencensus\opencensus-contrib-grpc-util\0.31.1\opencensus-contrib-grpc-util-0.31.1.jar;C:\Users\STRIX\.m2\repository\com\google\guava\guava\31.1-jre\guava-31.1-jre.jar;C:\Users\STRIX\.m2\repository\org\slf4j\slf4j-api\1.7.36\slf4j-api-1.7.36.jar;C:\Users\STRIX\.m2\repository\io\netty\netty-codec-http\4.1.100.Final\netty-codec-http-4.1.100.Final.jar;C:\Users\STRIX\.m2\repository\io\netty\netty-common\4.1.100.Final\netty-common-4.1.100.Final.jar;C:\Users\STRIX\.m2\repository\io\netty\netty-buffer\4.1.100.Final\netty-buffer-4.1.100.Final.jar;C:\Users\STRIX\.m2\repository\io\netty\netty-codec\4.1.100.Final\netty-codec-4.1.100.Final.jar;C:\Users\STRIX\.m2\repository\io\netty\netty-handler\4.1.100.Final\netty-handler-4.1.100.Final.jar;C:\Users\STRIX\.m2\repository\io\netty\netty-resolver\4.1.100.Final\netty-resolver-4.1.100.Final.jar;C:\Users\STRIX\.m2\repository\io\netty\netty-transport-native-unix-common\4.1.100.Final\netty-transport-native-unix-common-4.1.100.Final.jar;C:\Users\STRIX\.m2\repository\io\netty\netty-transport\4.1.100.Final\netty-transport-4.1.100.Final.jar;C:\Users\STRIX\.m2\repository\com\fasterxml\jackson\core\jackson-core\2.13.5\jackson-core-2.13.5.jar;C:\Users\STRIX\.m2\repository\com\fasterxml\jackson\core\jackson-databind\2.13.5\jackson-databind-2.13.5.jar;C:\Users\STRIX\.m2\repository\com\fasterxml\jackson\core\jackson-annotations\2.15.0\jackson-annotations-2.15.0.jar;C:\Users\STRIX\.m2\repository\com\twilio\sdk\twilio\10.1.1\twilio-10.1.1.jar;C:\Users\STRIX\.m2\repository\commons-codec\commons-codec\1.15\commons-codec-1.15.jar;C:\Users\STRIX\.m2\repository\commons-io\commons-io\2.7\commons-io-2.7.jar;C:\Users\STRIX\.m2\repository\io\jsonwebtoken\jjwt-api\0.11.2\jjwt-api-0.11.2.jar;C:\Users\STRIX\.m2\repository\io\jsonwebtoken\jjwt-jackson\0.11.2\jjwt-jackson-0.11.2.jar;C:\Users\STRIX\.m2\repository\io\jsonwebtoken\jjwt-impl\0.11.2\jjwt-impl-0.11.2.jar;C:\Users\STRIX\.m2\repository\org\apache\httpcomponents\httpclient\4.5.14\httpclient-4.5.14.jar;C:\Users\STRIX\.m2\repository\org\apache\httpcomponents\httpcore\4.4.16\httpcore-4.4.16.jar;C:\Users\STRIX\.m2\repository\com\fasterxml\jackson\datatype\jackson-datatype-jsr310\2.13.5\jackson-datatype-jsr310-2.13.5.jar;C:\Users\STRIX\.m2\repository\com\fasterxml\jackson\dataformat\jackson-dataformat-xml\2.13.5\jackson-dataformat-xml-2.13.5.jar;C:\Users\STRIX\.m2\repository\org\codehaus\woodstox\stax2-api\4.2.1\stax2-api-4.2.1.jar;C:\Users\STRIX\.m2\repository\com\fasterxml\woodstox\woodstox-core\6.4.0\woodstox-core-6.4.0.jar;C:\Users\STRIX\.m2\repository\org\springframework\spring-websocket\5.3.30\spring-websocket-5.3.30.jar;C:\Users\STRIX\.m2\repository\org\springframework\spring-context\5.3.30\spring-context-5.3.30.jar;C:\Users\STRIX\.m2\repository\org\apache\pulsar\pulsar-client\3.0.1\pulsar-client-3.0.1.jar;C:\Users\STRIX\.m2\repository\org\apache\pulsar\pulsar-client-api\3.0.1\pulsar-client-api-3.0.1.jar;C:\Users\STRIX\.m2\repository\org\apache\pulsar\pulsar-client-admin-api\3.0.1\pulsar-client-admin-api-3.0.1.jar;C:\Users\STRIX\.m2\repository\javax\ws\rs\javax.ws.rs-api\2.1\javax.ws.rs-api-2.1.jar;C:\Users\STRIX\.m2\repository\com\google\protobuf\protobuf-java\3.19.6\protobuf-java-3.19.6.jar;C:\Users\STRIX\.m2\repository\org\apache\pulsar\bouncy-castle-bc\3.0.1\bouncy-castle-bc-3.0.1-pkg.jar;C:\Users\STRIX\.m2\repository\org\bouncycastle\bcpkix-jdk15on\1.69\bcpkix-jdk15on-1.69.jar;C:\Users\STRIX\.m2\repository\org\bouncycastle\bcprov-jdk15on\1.69\bcprov-jdk15on-1.69.jar;C:\Users\STRIX\.m2\repository\org\bouncycastle\bcutil-jdk15on\1.69\bcutil-jdk15on-1.69.jar;C:\Users\STRIX\.m2\repository\org\bouncycastle\bcprov-ext-jdk15on\1.69\bcprov-ext-jdk15on-1.69.jar;C:\Users\STRIX\.m2\repository\com\sun\activation\javax.activation\1.2.0\javax.activation-1.2.0.jar;C:\Users\STRIX\.m2\repository\javax\validation\validation-api\2.0.1.Final\validation-api-2.0.1.Final.jar;C:\Users\STRIX\.m2\repository\net\jcip\jcip-annotations\1.0\jcip-annotations-1.0.jar;C:\Users\STRIX\.m2\repository\com\beust\jcommander\1.82\jcommander-1.82.jar;C:\Users\STRIX\.m2\repository\org\mapstruct\mapstruct\1.2.0.Final\mapstruct-1.2.0.Final.jar;C:\Users\STRIX\.m2\repository\org\springframework\spring-messaging\5.3.30\spring-messaging-5.3.30.jar;C:\Users\STRIX\.m2\repository\org\springframework\spring-beans\5.3.30\spring-beans-5.3.30.jar;"/>
    <property name="java.vm.vendor" value="Oracle Corporation"/>
    <property name="sun.arch.data.model" value="64"/>
    <property name="user.variant" value=""/>
    <property name="java.vendor.url" value="https://java.oracle.com/"/>
    <property name="user.timezone" value="Africa/Lagos"/>
    <property name="os.name" value="Windows 11"/>
    <property name="java.vm.specification.version" value="19"/>
    <property name="sun.java.launcher" value="SUN_STANDARD"/>
    <property name="user.country" value="US"/>
    <property name="sun.boot.library.path" value="C:\Program Files\Java\jdk-19\bin"/>
    <property name="sun.java.command" value="C:\Users\STRIX\AppData\Local\Temp\surefire4621881618708654041\surefirebooter4454587573956687540.jar C:\Users\STRIX\AppData\Local\Temp\surefire4621881618708654041 2024-07-04T10-11-44_333-jvmRun1 surefire4223049992821459095tmp surefire_010593324671695686961tmp"/>
    <property name="jdk.debug" value="release"/>
    <property name="surefire.test.class.path" value="D:\aslikeproject\tontine\notification_management\target\test-classes;D:\aslikeproject\tontine\notification_management\target\classes;C:\Users\STRIX\.m2\repository\org\springframework\boot\spring-boot-starter-test\2.7.17\spring-boot-starter-test-2.7.17.jar;C:\Users\STRIX\.m2\repository\org\springframework\boot\spring-boot-starter\2.7.17\spring-boot-starter-2.7.17.jar;C:\Users\STRIX\.m2\repository\org\springframework\boot\spring-boot\2.7.17\spring-boot-2.7.17.jar;C:\Users\STRIX\.m2\repository\org\springframework\boot\spring-boot-autoconfigure\2.7.17\spring-boot-autoconfigure-2.7.17.jar;C:\Users\STRIX\.m2\repository\org\springframework\boot\spring-boot-starter-logging\2.7.17\spring-boot-starter-logging-2.7.17.jar;C:\Users\STRIX\.m2\repository\ch\qos\logback\logback-classic\1.2.12\logback-classic-1.2.12.jar;C:\Users\STRIX\.m2\repository\ch\qos\logback\logback-core\1.2.12\logback-core-1.2.12.jar;C:\Users\STRIX\.m2\repository\org\apache\logging\log4j\log4j-to-slf4j\2.17.2\log4j-to-slf4j-2.17.2.jar;C:\Users\STRIX\.m2\repository\org\apache\logging\log4j\log4j-api\2.17.2\log4j-api-2.17.2.jar;C:\Users\STRIX\.m2\repository\org\slf4j\jul-to-slf4j\1.7.36\jul-to-slf4j-1.7.36.jar;C:\Users\STRIX\.m2\repository\jakarta\annotation\jakarta.annotation-api\1.3.5\jakarta.annotation-api-1.3.5.jar;C:\Users\STRIX\.m2\repository\org\yaml\snakeyaml\1.30\snakeyaml-1.30.jar;C:\Users\STRIX\.m2\repository\org\springframework\boot\spring-boot-test\2.7.17\spring-boot-test-2.7.17.jar;C:\Users\STRIX\.m2\repository\org\springframework\boot\spring-boot-test-autoconfigure\2.7.17\spring-boot-test-autoconfigure-2.7.17.jar;C:\Users\STRIX\.m2\repository\com\jayway\jsonpath\json-path\2.7.0\json-path-2.7.0.jar;C:\Users\STRIX\.m2\repository\net\minidev\json-smart\2.4.11\json-smart-2.4.11.jar;C:\Users\STRIX\.m2\repository\net\minidev\accessors-smart\2.4.11\accessors-smart-2.4.11.jar;C:\Users\STRIX\.m2\repository\org\ow2\asm\asm\9.3\asm-9.3.jar;C:\Users\STRIX\.m2\repository\jakarta\xml\bind\jakarta.xml.bind-api\2.3.3\jakarta.xml.bind-api-2.3.3.jar;C:\Users\STRIX\.m2\repository\jakarta\activation\jakarta.activation-api\1.2.2\jakarta.activation-api-1.2.2.jar;C:\Users\STRIX\.m2\repository\org\assertj\assertj-core\3.22.0\assertj-core-3.22.0.jar;C:\Users\STRIX\.m2\repository\org\hamcrest\hamcrest\2.2\hamcrest-2.2.jar;C:\Users\STRIX\.m2\repository\org\junit\jupiter\junit-jupiter\5.8.2\junit-jupiter-5.8.2.jar;C:\Users\STRIX\.m2\repository\org\junit\jupiter\junit-jupiter-api\5.8.2\junit-jupiter-api-5.8.2.jar;C:\Users\STRIX\.m2\repository\org\opentest4j\opentest4j\1.2.0\opentest4j-1.2.0.jar;C:\Users\STRIX\.m2\repository\org\junit\platform\junit-platform-commons\1.8.2\junit-platform-commons-1.8.2.jar;C:\Users\STRIX\.m2\repository\org\apiguardian\apiguardian-api\1.1.2\apiguardian-api-1.1.2.jar;C:\Users\STRIX\.m2\repository\org\junit\jupiter\junit-jupiter-params\5.8.2\junit-jupiter-params-5.8.2.jar;C:\Users\STRIX\.m2\repository\org\junit\jupiter\junit-jupiter-engine\5.8.2\junit-jupiter-engine-5.8.2.jar;C:\Users\STRIX\.m2\repository\org\junit\platform\junit-platform-engine\1.8.2\junit-platform-engine-1.8.2.jar;C:\Users\STRIX\.m2\repository\org\mockito\mockito-core\4.5.1\mockito-core-4.5.1.jar;C:\Users\STRIX\.m2\repository\net\bytebuddy\byte-buddy\1.12.23\byte-buddy-1.12.23.jar;C:\Users\STRIX\.m2\repository\net\bytebuddy\byte-buddy-agent\1.12.23\byte-buddy-agent-1.12.23.jar;C:\Users\STRIX\.m2\repository\org\objenesis\objenesis\3.2\objenesis-3.2.jar;C:\Users\STRIX\.m2\repository\org\mockito\mockito-junit-jupiter\4.5.1\mockito-junit-jupiter-4.5.1.jar;C:\Users\STRIX\.m2\repository\org\skyscreamer\jsonassert\1.5.1\jsonassert-1.5.1.jar;C:\Users\STRIX\.m2\repository\com\vaadin\external\google\android-json\0.0.20131108.vaadin1\android-json-0.0.20131108.vaadin1.jar;C:\Users\STRIX\.m2\repository\org\springframework\spring-core\5.3.30\spring-core-5.3.30.jar;C:\Users\STRIX\.m2\repository\org\springframework\spring-jcl\5.3.30\spring-jcl-5.3.30.jar;C:\Users\STRIX\.m2\repository\org\springframework\spring-test\5.3.30\spring-test-5.3.30.jar;C:\Users\STRIX\.m2\repository\org\xmlunit\xmlunit-core\2.9.1\xmlunit-core-2.9.1.jar;C:\Users\STRIX\.m2\repository\org\springframework\boot\spring-boot-starter-web\2.7.17\spring-boot-starter-web-2.7.17.jar;C:\Users\STRIX\.m2\repository\org\springframework\boot\spring-boot-starter-json\2.7.17\spring-boot-starter-json-2.7.17.jar;C:\Users\STRIX\.m2\repository\com\fasterxml\jackson\datatype\jackson-datatype-jdk8\2.13.5\jackson-datatype-jdk8-2.13.5.jar;C:\Users\STRIX\.m2\repository\com\fasterxml\jackson\module\jackson-module-parameter-names\2.13.5\jackson-module-parameter-names-2.13.5.jar;C:\Users\STRIX\.m2\repository\org\springframework\boot\spring-boot-starter-tomcat\2.7.17\spring-boot-starter-tomcat-2.7.17.jar;C:\Users\STRIX\.m2\repository\org\apache\tomcat\embed\tomcat-embed-core\9.0.82\tomcat-embed-core-9.0.82.jar;C:\Users\STRIX\.m2\repository\org\apache\tomcat\embed\tomcat-embed-el\9.0.82\tomcat-embed-el-9.0.82.jar;C:\Users\STRIX\.m2\repository\org\apache\tomcat\embed\tomcat-embed-websocket\9.0.82\tomcat-embed-websocket-9.0.82.jar;C:\Users\STRIX\.m2\repository\org\springframework\spring-web\5.3.30\spring-web-5.3.30.jar;C:\Users\STRIX\.m2\repository\org\springframework\spring-webmvc\5.3.30\spring-webmvc-5.3.30.jar;C:\Users\STRIX\.m2\repository\org\springframework\spring-aop\5.3.30\spring-aop-5.3.30.jar;C:\Users\STRIX\.m2\repository\org\springframework\spring-expression\5.3.30\spring-expression-5.3.30.jar;C:\Users\STRIX\.m2\repository\org\springframework\cloud\spring-cloud-starter-netflix-eureka-server\3.1.7\spring-cloud-starter-netflix-eureka-server-3.1.7.jar;C:\Users\STRIX\.m2\repository\org\springframework\cloud\spring-cloud-starter\3.1.7\spring-cloud-starter-3.1.7.jar;C:\Users\STRIX\.m2\repository\org\springframework\cloud\spring-cloud-context\3.1.7\spring-cloud-context-3.1.7.jar;C:\Users\STRIX\.m2\repository\org\springframework\security\spring-security-crypto\5.7.11\spring-security-crypto-5.7.11.jar;C:\Users\STRIX\.m2\repository\org\springframework\cloud\spring-cloud-commons\3.1.7\spring-cloud-commons-3.1.7.jar;C:\Users\STRIX\.m2\repository\org\springframework\security\spring-security-rsa\1.0.11.RELEASE\spring-security-rsa-1.0.11.RELEASE.jar;C:\Users\STRIX\.m2\repository\org\springframework\cloud\spring-cloud-netflix-eureka-server\3.1.7\spring-cloud-netflix-eureka-server-3.1.7.jar;C:\Users\STRIX\.m2\repository\org\springframework\boot\spring-boot-starter-actuator\2.7.17\spring-boot-starter-actuator-2.7.17.jar;C:\Users\STRIX\.m2\repository\org\springframework\boot\spring-boot-actuator-autoconfigure\2.7.17\spring-boot-actuator-autoconfigure-2.7.17.jar;C:\Users\STRIX\.m2\repository\org\springframework\boot\spring-boot-actuator\2.7.17\spring-boot-actuator-2.7.17.jar;C:\Users\STRIX\.m2\repository\io\micrometer\micrometer-core\1.9.16\micrometer-core-1.9.16.jar;C:\Users\STRIX\.m2\repository\org\hdrhistogram\HdrHistogram\2.1.12\HdrHistogram-2.1.12.jar;C:\Users\STRIX\.m2\repository\org\latencyutils\LatencyUtils\2.0.3\LatencyUtils-2.0.3.jar;C:\Users\STRIX\.m2\repository\org\springframework\boot\spring-boot-starter-freemarker\2.7.17\spring-boot-starter-freemarker-2.7.17.jar;C:\Users\STRIX\.m2\repository\org\freemarker\freemarker\2.3.32\freemarker-2.3.32.jar;C:\Users\STRIX\.m2\repository\org\springframework\cloud\spring-cloud-netflix-eureka-client\3.1.7\spring-cloud-netflix-eureka-client-3.1.7.jar;C:\Users\STRIX\.m2\repository\com\netflix\eureka\eureka-client\1.10.17\eureka-client-1.10.17.jar;C:\Users\STRIX\.m2\repository\com\netflix\netflix-commons\netflix-eventbus\0.3.0\netflix-eventbus-0.3.0.jar;C:\Users\STRIX\.m2\repository\com\netflix\netflix-commons\netflix-infix\0.3.0\netflix-infix-0.3.0.jar;C:\Users\STRIX\.m2\repository\commons-jxpath\commons-jxpath\1.3\commons-jxpath-1.3.jar;C:\Users\STRIX\.m2\repository\joda-time\joda-time\2.3\joda-time-2.3.jar;C:\Users\STRIX\.m2\repository\org\antlr\antlr-runtime\3.4\antlr-runtime-3.4.jar;C:\Users\STRIX\.m2\repository\org\antlr\stringtemplate\3.2.1\stringtemplate-3.2.1.jar;C:\Users\STRIX\.m2\repository\org\apache\commons\commons-math\2.2\commons-math-2.2.jar;C:\Users\STRIX\.m2\repository\com\thoughtworks\xstream\xstream\1.4.18\xstream-1.4.18.jar;C:\Users\STRIX\.m2\repository\io\github\x-stream\mxparser\1.2.2\mxparser-1.2.2.jar;C:\Users\STRIX\.m2\repository\xmlpull\xmlpull\1.1.3.1\xmlpull-1.1.3.1.jar;C:\Users\STRIX\.m2\repository\javax\ws\rs\jsr311-api\1.1.1\jsr311-api-1.1.1.jar;C:\Users\STRIX\.m2\repository\com\netflix\servo\servo-core\0.12.21\servo-core-0.12.21.jar;C:\Users\STRIX\.m2\repository\com\sun\jersey\jersey-core\1.19.1\jersey-core-1.19.1.jar;C:\Users\STRIX\.m2\repository\com\sun\jersey\contribs\jersey-apache-client4\1.19.1\jersey-apache-client4-1.19.1.jar;C:\Users\STRIX\.m2\repository\commons-configuration\commons-configuration\1.10\commons-configuration-1.10.jar;C:\Users\STRIX\.m2\repository\commons-lang\commons-lang\2.6\commons-lang-2.6.jar;C:\Users\STRIX\.m2\repository\com\google\inject\guice\4.1.0\guice-4.1.0.jar;C:\Users\STRIX\.m2\repository\org\codehaus\jettison\jettison\1.4.0\jettison-1.4.0.jar;C:\Users\STRIX\.m2\repository\com\sun\jersey\jersey-servlet\1.19.4\jersey-servlet-1.19.4.jar;C:\Users\STRIX\.m2\repository\com\sun\jersey\jersey-server\1.19.4\jersey-server-1.19.4.jar;C:\Users\STRIX\.m2\repository\com\sun\jersey\jersey-client\1.19.4\jersey-client-1.19.4.jar;C:\Users\STRIX\.m2\repository\com\netflix\eureka\eureka-core\1.10.17\eureka-core-1.10.17.jar;C:\Users\STRIX\.m2\repository\javax\inject\javax.inject\1\javax.inject-1.jar;C:\Users\STRIX\.m2\repository\org\springframework\cloud\spring-cloud-starter-loadbalancer\3.1.7\spring-cloud-starter-loadbalancer-3.1.7.jar;C:\Users\STRIX\.m2\repository\org\springframework\cloud\spring-cloud-loadbalancer\3.1.7\spring-cloud-loadbalancer-3.1.7.jar;C:\Users\STRIX\.m2\repository\io\projectreactor\reactor-core\3.4.33\reactor-core-3.4.33.jar;C:\Users\STRIX\.m2\repository\org\reactivestreams\reactive-streams\1.0.4\reactive-streams-1.0.4.jar;C:\Users\STRIX\.m2\repository\io\projectreactor\addons\reactor-extra\3.4.10\reactor-extra-3.4.10.jar;C:\Users\STRIX\.m2\repository\org\springframework\boot\spring-boot-starter-cache\2.7.17\spring-boot-starter-cache-2.7.17.jar;C:\Users\STRIX\.m2\repository\com\stoyanr\evictor\1.0.0\evictor-1.0.0.jar;C:\Users\STRIX\.m2\repository\org\glassfish\jaxb\jaxb-runtime\2.3.8\jaxb-runtime-2.3.8.jar;C:\Users\STRIX\.m2\repository\org\glassfish\jaxb\txw2\2.3.8\txw2-2.3.8.jar;C:\Users\STRIX\.m2\repository\com\sun\istack\istack-commons-runtime\3.0.12\istack-commons-runtime-3.0.12.jar;C:\Users\STRIX\.m2\repository\com\sun\activation\jakarta.activation\1.2.2\jakarta.activation-1.2.2.jar;C:\Users\STRIX\.m2\repository\org\mariadb\jdbc\mariadb-java-client\3.1.4\mariadb-java-client-3.1.4.jar;C:\Users\STRIX\.m2\repository\com\github\waffle\waffle-jna\3.2.0\waffle-jna-3.2.0.jar;C:\Users\STRIX\.m2\repository\net\java\dev\jna\jna\5.12.1\jna-5.12.1.jar;C:\Users\STRIX\.m2\repository\net\java\dev\jna\jna-platform\5.12.1\jna-platform-5.12.1.jar;C:\Users\STRIX\.m2\repository\org\slf4j\jcl-over-slf4j\1.7.36\jcl-over-slf4j-1.7.36.jar;C:\Users\STRIX\.m2\repository\com\github\ben-manes\caffeine\caffeine\2.9.3\caffeine-2.9.3.jar;C:\Users\STRIX\.m2\repository\org\checkerframework\checker-qual\3.23.0\checker-qual-3.23.0.jar;C:\Users\STRIX\.m2\repository\org\springframework\boot\spring-boot-starter-data-jpa\2.7.17\spring-boot-starter-data-jpa-2.7.17.jar;C:\Users\STRIX\.m2\repository\org\springframework\boot\spring-boot-starter-aop\2.7.17\spring-boot-starter-aop-2.7.17.jar;C:\Users\STRIX\.m2\repository\org\aspectj\aspectjweaver\1.9.7\aspectjweaver-1.9.7.jar;C:\Users\STRIX\.m2\repository\org\springframework\boot\spring-boot-starter-jdbc\2.7.17\spring-boot-starter-jdbc-2.7.17.jar;C:\Users\STRIX\.m2\repository\com\zaxxer\HikariCP\4.0.3\HikariCP-4.0.3.jar;C:\Users\STRIX\.m2\repository\org\springframework\spring-jdbc\5.3.30\spring-jdbc-5.3.30.jar;C:\Users\STRIX\.m2\repository\jakarta\transaction\jakarta.transaction-api\1.3.3\jakarta.transaction-api-1.3.3.jar;C:\Users\STRIX\.m2\repository\jakarta\persistence\jakarta.persistence-api\2.2.3\jakarta.persistence-api-2.2.3.jar;C:\Users\STRIX\.m2\repository\org\hibernate\hibernate-core\5.6.15.Final\hibernate-core-5.6.15.Final.jar;C:\Users\STRIX\.m2\repository\org\jboss\logging\jboss-logging\3.4.3.Final\jboss-logging-3.4.3.Final.jar;C:\Users\STRIX\.m2\repository\antlr\antlr\2.7.7\antlr-2.7.7.jar;C:\Users\STRIX\.m2\repository\org\jboss\jandex\2.4.2.Final\jandex-2.4.2.Final.jar;C:\Users\STRIX\.m2\repository\com\fasterxml\classmate\1.5.1\classmate-1.5.1.jar;C:\Users\STRIX\.m2\repository\org\hibernate\common\hibernate-commons-annotations\5.1.2.Final\hibernate-commons-annotations-5.1.2.Final.jar;C:\Users\STRIX\.m2\repository\org\springframework\data\spring-data-jpa\2.7.17\spring-data-jpa-2.7.17.jar;C:\Users\STRIX\.m2\repository\org\springframework\data\spring-data-commons\2.7.17\spring-data-commons-2.7.17.jar;C:\Users\STRIX\.m2\repository\org\springframework\spring-orm\5.3.30\spring-orm-5.3.30.jar;C:\Users\STRIX\.m2\repository\org\springframework\spring-tx\5.3.30\spring-tx-5.3.30.jar;C:\Users\STRIX\.m2\repository\org\springframework\spring-aspects\5.3.30\spring-aspects-5.3.30.jar;C:\Users\STRIX\.m2\repository\org\projectlombok\lombok\1.18.30\lombok-1.18.30.jar;C:\Users\STRIX\.m2\repository\org\springframework\boot\spring-boot-starter-mail\2.7.17\spring-boot-starter-mail-2.7.17.jar;C:\Users\STRIX\.m2\repository\org\springframework\spring-context-support\5.3.30\spring-context-support-5.3.30.jar;C:\Users\STRIX\.m2\repository\com\sun\mail\jakarta.mail\1.6.7\jakarta.mail-1.6.7.jar;C:\Users\STRIX\.m2\repository\javax\mail\javax.mail-api\1.6.2\javax.mail-api-1.6.2.jar;C:\Users\STRIX\.m2\repository\com\sun\mail\javax.mail\1.6.2\javax.mail-1.6.2.jar;C:\Users\STRIX\.m2\repository\javax\activation\activation\1.1\activation-1.1.jar;C:\Users\STRIX\.m2\repository\org\modelmapper\modelmapper\3.1.0\modelmapper-3.1.0.jar;C:\Users\STRIX\.m2\repository\com\google\firebase\firebase-admin\9.2.0\firebase-admin-9.2.0.jar;C:\Users\STRIX\.m2\repository\com\google\api-client\google-api-client\2.2.0\google-api-client-2.2.0.jar;C:\Users\STRIX\.m2\repository\com\google\oauth-client\google-oauth-client\1.34.1\google-oauth-client-1.34.1.jar;C:\Users\STRIX\.m2\repository\com\google\http-client\google-http-client-gson\1.42.3\google-http-client-gson-1.42.3.jar;C:\Users\STRIX\.m2\repository\com\google\http-client\google-http-client-apache-v2\1.42.3\google-http-client-apache-v2-1.42.3.jar;C:\Users\STRIX\.m2\repository\com\google\api-client\google-api-client-gson\2.2.0\google-api-client-gson-2.2.0.jar;C:\Users\STRIX\.m2\repository\com\google\http-client\google-http-client\1.43.1\google-http-client-1.43.1.jar;C:\Users\STRIX\.m2\repository\com\google\code\findbugs\jsr305\3.0.2\jsr305-3.0.2.jar;C:\Users\STRIX\.m2\repository\com\google\errorprone\error_prone_annotations\2.18.0\error_prone_annotations-2.18.0.jar;C:\Users\STRIX\.m2\repository\com\google\j2objc\j2objc-annotations\1.3\j2objc-annotations-1.3.jar;C:\Users\STRIX\.m2\repository\io\opencensus\opencensus-api\0.31.1\opencensus-api-0.31.1.jar;C:\Users\STRIX\.m2\repository\io\opencensus\opencensus-contrib-http-util\0.31.1\opencensus-contrib-http-util-0.31.1.jar;C:\Users\STRIX\.m2\repository\com\google\api\api-common\2.12.0\api-common-2.12.0.jar;C:\Users\STRIX\.m2\repository\com\google\auto\value\auto-value-annotations\1.10.1\auto-value-annotations-1.10.1.jar;C:\Users\STRIX\.m2\repository\javax\annotation\javax.annotation-api\1.3.2\javax.annotation-api-1.3.2.jar;C:\Users\STRIX\.m2\repository\com\google\auth\google-auth-library-oauth2-http\1.17.0\google-auth-library-oauth2-http-1.17.0.jar;C:\Users\STRIX\.m2\repository\com\google\auth\google-auth-library-credentials\1.17.0\google-auth-library-credentials-1.17.0.jar;C:\Users\STRIX\.m2\repository\com\google\cloud\google-cloud-storage\2.22.4\google-cloud-storage-2.22.4.jar;C:\Users\STRIX\.m2\repository\com\google\guava\failureaccess\1.0.1\failureaccess-1.0.1.jar;C:\Users\STRIX\.m2\repository\com\google\guava\listenablefuture\9999.0-empty-to-avoid-conflict-with-guava\listenablefuture-9999.0-empty-to-avoid-conflict-with-guava.jar;C:\Users\STRIX\.m2\repository\com\google\http-client\google-http-client-jackson2\1.43.1\google-http-client-jackson2-1.43.1.jar;C:\Users\STRIX\.m2\repository\com\google\apis\google-api-services-storage\v1-rev20230301-2.0.0\google-api-services-storage-v1-rev20230301-2.0.0.jar;C:\Users\STRIX\.m2\repository\com\google\code\gson\gson\2.9.1\gson-2.9.1.jar;C:\Users\STRIX\.m2\repository\com\google\cloud\google-cloud-core\2.19.0\google-cloud-core-2.19.0.jar;C:\Users\STRIX\.m2\repository\com\google\cloud\google-cloud-core-http\2.19.0\google-cloud-core-http-2.19.0.jar;C:\Users\STRIX\.m2\repository\com\google\http-client\google-http-client-appengine\1.43.1\google-http-client-appengine-1.43.1.jar;C:\Users\STRIX\.m2\repository\com\google\api\gax-httpjson\0.114.0\gax-httpjson-0.114.0.jar;C:\Users\STRIX\.m2\repository\com\google\cloud\google-cloud-core-grpc\2.19.0\google-cloud-core-grpc-2.19.0.jar;C:\Users\STRIX\.m2\repository\com\google\api\gax\2.29.0\gax-2.29.0.jar;C:\Users\STRIX\.m2\repository\com\google\api\gax-grpc\2.29.0\gax-grpc-2.29.0.jar;C:\Users\STRIX\.m2\repository\io\grpc\grpc-alts\1.55.1\grpc-alts-1.55.1.jar;C:\Users\STRIX\.m2\repository\io\grpc\grpc-grpclb\1.55.1\grpc-grpclb-1.55.1.jar;C:\Users\STRIX\.m2\repository\org\conscrypt\conscrypt-openjdk-uber\2.5.2\conscrypt-openjdk-uber-2.5.2.jar;C:\Users\STRIX\.m2\repository\io\grpc\grpc-auth\1.55.1\grpc-auth-1.55.1.jar;C:\Users\STRIX\.m2\repository\io\grpc\grpc-protobuf\1.55.1\grpc-protobuf-1.55.1.jar;C:\Users\STRIX\.m2\repository\io\grpc\grpc-protobuf-lite\1.55.1\grpc-protobuf-lite-1.55.1.jar;C:\Users\STRIX\.m2\repository\io\grpc\grpc-context\1.55.1\grpc-context-1.55.1.jar;C:\Users\STRIX\.m2\repository\com\google\api\grpc\proto-google-iam-v1\1.15.0\proto-google-iam-v1-1.15.0.jar;C:\Users\STRIX\.m2\repository\com\google\protobuf\protobuf-java-util\3.23.2\protobuf-java-util-3.23.2.jar;C:\Users\STRIX\.m2\repository\com\google\api\grpc\proto-google-common-protos\2.20.0\proto-google-common-protos-2.20.0.jar;C:\Users\STRIX\.m2\repository\org\threeten\threetenbp\1.6.8\threetenbp-1.6.8.jar;C:\Users\STRIX\.m2\repository\com\google\api\grpc\proto-google-cloud-storage-v2\2.22.4-alpha\proto-google-cloud-storage-v2-2.22.4-alpha.jar;C:\Users\STRIX\.m2\repository\com\google\api\grpc\grpc-google-cloud-storage-v2\2.22.4-alpha\grpc-google-cloud-storage-v2-2.22.4-alpha.jar;C:\Users\STRIX\.m2\repository\com\google\api\grpc\gapic-google-cloud-storage-v2\2.22.4-alpha\gapic-google-cloud-storage-v2-2.22.4-alpha.jar;C:\Users\STRIX\.m2\repository\io\grpc\grpc-api\1.55.1\grpc-api-1.55.1.jar;C:\Users\STRIX\.m2\repository\io\grpc\grpc-netty-shaded\1.55.1\grpc-netty-shaded-1.55.1.jar;C:\Users\STRIX\.m2\repository\io\perfmark\perfmark-api\0.26.0\perfmark-api-0.26.0.jar;C:\Users\STRIX\.m2\repository\io\grpc\grpc-core\1.55.1\grpc-core-1.55.1.jar;C:\Users\STRIX\.m2\repository\com\google\android\annotations\4.1.1.4\annotations-4.1.1.4.jar;C:\Users\STRIX\.m2\repository\org\codehaus\mojo\animal-sniffer-annotations\1.23\animal-sniffer-annotations-1.23.jar;C:\Users\STRIX\.m2\repository\io\grpc\grpc-stub\1.55.1\grpc-stub-1.55.1.jar;C:\Users\STRIX\.m2\repository\io\grpc\grpc-googleapis\1.55.1\grpc-googleapis-1.55.1.jar;C:\Users\STRIX\.m2\repository\io\grpc\grpc-xds\1.55.1\grpc-xds-1.55.1.jar;C:\Users\STRIX\.m2\repository\io\opencensus\opencensus-proto\0.2.0\opencensus-proto-0.2.0.jar;C:\Users\STRIX\.m2\repository\io\grpc\grpc-services\1.55.1\grpc-services-1.55.1.jar;C:\Users\STRIX\.m2\repository\com\google\re2j\re2j\1.6\re2j-1.6.jar;C:\Users\STRIX\.m2\repository\io\grpc\grpc-rls\1.55.1\grpc-rls-1.55.1.jar;C:\Users\STRIX\.m2\repository\com\google\cloud\google-cloud-firestore\3.13.0\google-cloud-firestore-3.13.0.jar;C:\Users\STRIX\.m2\repository\commons-logging\commons-logging\1.2\commons-logging-1.2.jar;C:\Users\STRIX\.m2\repository\com\google\api\grpc\proto-google-cloud-firestore-v1\3.13.0\proto-google-cloud-firestore-v1-3.13.0.jar;C:\Users\STRIX\.m2\repository\com\google\cloud\proto-google-cloud-firestore-bundle-v1\3.13.0\proto-google-cloud-firestore-bundle-v1-3.13.0.jar;C:\Users\STRIX\.m2\repository\io\opencensus\opencensus-contrib-grpc-util\0.31.1\opencensus-contrib-grpc-util-0.31.1.jar;C:\Users\STRIX\.m2\repository\com\google\guava\guava\31.1-jre\guava-31.1-jre.jar;C:\Users\STRIX\.m2\repository\org\slf4j\slf4j-api\1.7.36\slf4j-api-1.7.36.jar;C:\Users\STRIX\.m2\repository\io\netty\netty-codec-http\4.1.100.Final\netty-codec-http-4.1.100.Final.jar;C:\Users\STRIX\.m2\repository\io\netty\netty-common\4.1.100.Final\netty-common-4.1.100.Final.jar;C:\Users\STRIX\.m2\repository\io\netty\netty-buffer\4.1.100.Final\netty-buffer-4.1.100.Final.jar;C:\Users\STRIX\.m2\repository\io\netty\netty-codec\4.1.100.Final\netty-codec-4.1.100.Final.jar;C:\Users\STRIX\.m2\repository\io\netty\netty-handler\4.1.100.Final\netty-handler-4.1.100.Final.jar;C:\Users\STRIX\.m2\repository\io\netty\netty-resolver\4.1.100.Final\netty-resolver-4.1.100.Final.jar;C:\Users\STRIX\.m2\repository\io\netty\netty-transport-native-unix-common\4.1.100.Final\netty-transport-native-unix-common-4.1.100.Final.jar;C:\Users\STRIX\.m2\repository\io\netty\netty-transport\4.1.100.Final\netty-transport-4.1.100.Final.jar;C:\Users\STRIX\.m2\repository\com\fasterxml\jackson\core\jackson-core\2.13.5\jackson-core-2.13.5.jar;C:\Users\STRIX\.m2\repository\com\fasterxml\jackson\core\jackson-databind\2.13.5\jackson-databind-2.13.5.jar;C:\Users\STRIX\.m2\repository\com\fasterxml\jackson\core\jackson-annotations\2.15.0\jackson-annotations-2.15.0.jar;C:\Users\STRIX\.m2\repository\com\twilio\sdk\twilio\10.1.1\twilio-10.1.1.jar;C:\Users\STRIX\.m2\repository\commons-codec\commons-codec\1.15\commons-codec-1.15.jar;C:\Users\STRIX\.m2\repository\commons-io\commons-io\2.7\commons-io-2.7.jar;C:\Users\STRIX\.m2\repository\io\jsonwebtoken\jjwt-api\0.11.2\jjwt-api-0.11.2.jar;C:\Users\STRIX\.m2\repository\io\jsonwebtoken\jjwt-jackson\0.11.2\jjwt-jackson-0.11.2.jar;C:\Users\STRIX\.m2\repository\io\jsonwebtoken\jjwt-impl\0.11.2\jjwt-impl-0.11.2.jar;C:\Users\STRIX\.m2\repository\org\apache\httpcomponents\httpclient\4.5.14\httpclient-4.5.14.jar;C:\Users\STRIX\.m2\repository\org\apache\httpcomponents\httpcore\4.4.16\httpcore-4.4.16.jar;C:\Users\STRIX\.m2\repository\com\fasterxml\jackson\datatype\jackson-datatype-jsr310\2.13.5\jackson-datatype-jsr310-2.13.5.jar;C:\Users\STRIX\.m2\repository\com\fasterxml\jackson\dataformat\jackson-dataformat-xml\2.13.5\jackson-dataformat-xml-2.13.5.jar;C:\Users\STRIX\.m2\repository\org\codehaus\woodstox\stax2-api\4.2.1\stax2-api-4.2.1.jar;C:\Users\STRIX\.m2\repository\com\fasterxml\woodstox\woodstox-core\6.4.0\woodstox-core-6.4.0.jar;C:\Users\STRIX\.m2\repository\org\springframework\spring-websocket\5.3.30\spring-websocket-5.3.30.jar;C:\Users\STRIX\.m2\repository\org\springframework\spring-context\5.3.30\spring-context-5.3.30.jar;C:\Users\STRIX\.m2\repository\org\apache\pulsar\pulsar-client\3.0.1\pulsar-client-3.0.1.jar;C:\Users\STRIX\.m2\repository\org\apache\pulsar\pulsar-client-api\3.0.1\pulsar-client-api-3.0.1.jar;C:\Users\STRIX\.m2\repository\org\apache\pulsar\pulsar-client-admin-api\3.0.1\pulsar-client-admin-api-3.0.1.jar;C:\Users\STRIX\.m2\repository\javax\ws\rs\javax.ws.rs-api\2.1\javax.ws.rs-api-2.1.jar;C:\Users\STRIX\.m2\repository\com\google\protobuf\protobuf-java\3.19.6\protobuf-java-3.19.6.jar;C:\Users\STRIX\.m2\repository\org\apache\pulsar\bouncy-castle-bc\3.0.1\bouncy-castle-bc-3.0.1-pkg.jar;C:\Users\STRIX\.m2\repository\org\bouncycastle\bcpkix-jdk15on\1.69\bcpkix-jdk15on-1.69.jar;C:\Users\STRIX\.m2\repository\org\bouncycastle\bcprov-jdk15on\1.69\bcprov-jdk15on-1.69.jar;C:\Users\STRIX\.m2\repository\org\bouncycastle\bcutil-jdk15on\1.69\bcutil-jdk15on-1.69.jar;C:\Users\STRIX\.m2\repository\org\bouncycastle\bcprov-ext-jdk15on\1.69\bcprov-ext-jdk15on-1.69.jar;C:\Users\STRIX\.m2\repository\com\sun\activation\javax.activation\1.2.0\javax.activation-1.2.0.jar;C:\Users\STRIX\.m2\repository\javax\validation\validation-api\2.0.1.Final\validation-api-2.0.1.Final.jar;C:\Users\STRIX\.m2\repository\net\jcip\jcip-annotations\1.0\jcip-annotations-1.0.jar;C:\Users\STRIX\.m2\repository\com\beust\jcommander\1.82\jcommander-1.82.jar;C:\Users\STRIX\.m2\repository\org\mapstruct\mapstruct\1.2.0.Final\mapstruct-1.2.0.Final.jar;C:\Users\STRIX\.m2\repository\org\springframework\spring-messaging\5.3.30\spring-messaging-5.3.30.jar;C:\Users\STRIX\.m2\repository\org\springframework\spring-beans\5.3.30\spring-beans-5.3.30.jar;"/>
    <property name="sun.cpu.endian" value="little"/>
    <property name="user.home" value="C:\Users\STRIX"/>
    <property name="user.language" value="en"/>
    <property name="java.specification.vendor" value="Oracle Corporation"/>
    <property name="java.version.date" value="2022-10-18"/>
    <property name="java.home" value="C:\Program Files\Java\jdk-19"/>
    <property name="file.separator" value="\"/>
    <property name="basedir" value="D:\aslikeproject\tontine\notification_management"/>
    <property name="java.vm.compressedOopsMode" value="Zero based"/>
    <property name="line.separator" value="&#10;"/>
    <property name="java.vm.specification.vendor" value="Oracle Corporation"/>
    <property name="java.specification.name" value="Java Platform API Specification"/>
    <property name="surefire.real.class.path" value="C:\Users\STRIX\AppData\Local\Temp\surefire4621881618708654041\surefirebooter4454587573956687540.jar"/>
    <property name="user.script" value=""/>
    <property name="sun.management.compiler" value="HotSpot 64-Bit Tiered Compilers"/>
    <property name="java.runtime.version" value="19.0.1+10-21"/>
    <property name="user.name" value="STRIX"/>
    <property name="stdout.encoding" value="Cp1252"/>
    <property name="path.separator" value=";"/>
    <property name="os.version" value="10.0"/>
    <property name="java.runtime.name" value="Java(TM) SE Runtime Environment"/>
    <property name="file.encoding" value="UTF-8"/>
    <property name="java.vm.name" value="Java HotSpot(TM) 64-Bit Server VM"/>
    <property name="localRepository" value="C:\Users\STRIX\.m2\repository"/>
    <property name="java.vendor.url.bug" value="https://bugreport.java.com/bugreport/"/>
    <property name="java.io.tmpdir" value="C:\Users\STRIX\AppData\Local\Temp\"/>
    <property name="idea.version" value="2023.2.4"/>
    <property name="java.version" value="19.0.1"/>
    <property name="user.dir" value="D:\aslikeproject\tontine\notification_management"/>
    <property name="os.arch" value="amd64"/>
    <property name="java.vm.specification.name" value="Java Virtual Machine Specification"/>
    <property name="sun.os.patch.level" value=""/>
    <property name="native.encoding" value="Cp1252"/>
    <property name="java.library.path" value="C:\Program Files\Java\jdk-19\bin;C:\WINDOWS\Sun\Java\bin;C:\WINDOWS\system32;C:\WINDOWS;C:\Python312\Scripts\;C:\Python312\;C:\Program Files\NVIDIA GPU Computing Toolkit\CUDA\v12.3\bin;C:\Program Files\NVIDIA GPU Computing Toolkit\CUDA\v12.3\libnvvp;C:\Program Files (x86)\VMware\VMware Workstation\bin\;C:\Program Files\Java\jdk-17\bin;C:\Program Files\Microsoft\jdk-11.0.12.7-hotspot\bin;C:\Program Files\Java\jdk1.8.0_202\bin;C:\Program Files\Common Files\Oracle\Java\javapath;C:\Program Files (x86)\Common Files\Oracle\Java\javapath;C:\WINDOWS\system32;C:\WINDOWS;C:\WINDOWS\System32\Wbem;C:\WINDOWS\System32\WindowsPowerShell\v1.0\;C:\WINDOWS\System32\OpenSSH\;C:\Program Files\dotnet\;C:\Program Files\Microsoft SQL Server\150\Tools\Binn\;C:\Program Files\Microsoft SQL Server\Client SDK\ODBC\170\Tools\Binn\;C:\Program Files\CMake\bin;C:\Program Files\Java\jdk1.8.0_202\bin;C:\Users\jorda\OneDrive\Desktop\apache-cassandra-3.11.5-bin\apache-cassandra-3.11.5\bin;C:\Program Files\Git\cmd;C:\Program Files\WireGuard\;C:\Program Files\NVIDIA Corporation\Nsight Compute 2023.3.1\;C:\Program Files (x86)\NVIDIA Corporation\PhysX\Common;C:\Program Files\NVIDIA Corporation\NVIDIA NvDLISR;C:\Program Files\nodejs\;C:\ProgramData\chocolatey\bin;C:\Program Files\PuTTY\;C:\Program Files\Docker\Docker\resources\bin;C:\Users\STRIX\AppData\Local\Programs\Python\Python39\Scripts\;C:\Users\STRIX\AppData\Local\Programs\Python\Python39\;C:\Users\STRIX\anaconda3;C:\Users\STRIX\anaconda3\Library\mingw-w64\bin;C:\Users\STRIX\anaconda3\Library\usr\bin;C:\Users\STRIX\anaconda3\Library\bin;C:\Users\STRIX\anaconda3\Scripts;C:\Users\STRIX\AppData\Local\Microsoft\WindowsApps;C:\Users\STRIX\AppData\Local\GitHubDesktop\bin;C:\Program Files\Java\apache-maven-3.8.6\bin;C:\Users\STRIX\.dotnet\tools;C:\Users\STRIX\AppData\Local\Programs\Microsoft VS Code;D:\Microsoft VS Code\bin;C:\Users\STRIX\Downloads\flutter_windows_3.10.6-stable\flutter\bin;C:\Program Files\NVIDIA GPU Computing Toolkit\CUDA\v12.3\bin;C:\Program Files\NVIDIA GPU Computing Toolkit\CUDA\v12.3\libnvvp;&quot;D:\flutter\flutter\bin&quot;;C:\Users\STRIX\AppData\Roaming\npm;."/>
    <property name="java.vm.info" value="mixed mode, sharing"/>
    <property name="stderr.encoding" value="Cp1252"/>
    <property name="java.vendor" value="Oracle Corporation"/>
    <property name="java.vm.version" value="19.0.1+10-21"/>
    <property name="sun.io.unicode.encoding" value="UnicodeLittle"/>
    <property name="java.class.version" value="63.0"/>
  </properties>
  <testcase name="contextLoads" classname="com.afb.intern.savtont.NotificationsManagementApplicationTests" time="0.332"/>
</testsuite>